[2025-04-08 14:49:38] [INFO] Loaded config from C:\Users\TO26409\Desktop\SHOT-main\SHOT.config.json
[2025-04-08 14:49:40] [INFO] Initial window setup: Left=100, Top=100, Width=350, Height=500, State=Normal
[2025-04-08 14:49:40] [INFO] Custom icon loaded from C:\Users\TO26409\Desktop\SHOT-main\icon.ico.
[2025-04-08 14:49:40] [INFO] Tray icon initialized with icon.ico
[2025-04-08 14:49:40] [INFO] Note: To ensure the SHOT tray icon is always visible, right-click the taskbar, select 'Taskbar settings', scroll to 'Notification area', click 'Select which icons appear on the taskbar', and set 'SHOT' to 'On'.
[2025-04-08 14:49:40] [INFO] DispatcherTimer started with interval 30 seconds
[2025-04-08 14:49:40] [INFO] Config object: {
    "LogRotationSizeMB":  5,
    "YubiKeyLastCheck":  {
                             "Date":  "2025-03-18 09:23:31",
                             "Result":  {
                                            "value":  "YubiKey Certificate (Slot 9a): 1572 days until expiry (07/08/2029 04:10:00)",
                                            "PSComputerName":  "localhost",
                                            "RunspaceId":  "8d6662a3-ccdb-4a22-b485-a66578766424",
                                            "PSShowComputerName":  false
                                        }
                         },
    "DefaultLogLevel":  "INFO",
    "IconPaths":  {
                      "Main":  "icon.ico",
                      "Warning":  "warning.ico"
                  },
    "Version":  "1.1.0",
    "AnnouncementsLastState":  {
                                   "Text":  "This data is from the MITLL Git. Released on 2025-03-11. Check out the new features and updates.",
                                   "Details":  "All systems are running normally. Please review the latest updates.",
                                   "Links":  [
                                                 {
                                                     "Name":  "MIT Lincoln Lab",
                                                     "Url":  "https://www.ll.mit.edu/"
                                                 },
                                                 {
                                                     "Name":  "NIST Cyber Framework",
                                                     "Url":  "https://www.nist.gov/cyberframework"
                                                 },
                                                 {
                                                     "Name":  "Test Link",
                                                     "Url":  "https://www.nist.gov/cyberframework"
                                                 }
                                             ]
                               },
    "YubiKeyAlertDays":  7,
    "RefreshInterval":  30,
    "ContentDataUrl":  "https://raw.llcad-github.llan.ll.mit.edu/EndpointEngineering/SHOT/main/ContentData.json",
    "ContentFetchInterval":  60,
    "PatchInfoFilePath":  "C:\\temp\\patch_fixlets.txt"
}
[2025-04-08 14:49:40] [INFO] Raw ContentDataUrl from config: 'https://raw.llcad-github.llan.ll.mit.edu/EndpointEngineering/SHOT/main/ContentData.json'
[2025-04-08 14:49:40] [INFO] Attempting to fetch content from: https://raw.llcad-github.llan.ll.mit.edu/EndpointEngineering/SHOT/main/ContentData.json
[2025-04-08 14:49:40] [INFO] Detected HTTP/HTTPS URL, using Invoke-WebRequest
[2025-04-08 14:49:41] [INFO] Raw content: {
  "Announcements": {
    "Text": "This is TEST data from the MITLL Git repository for this app. Released on 2025-03-11. Check out the new features and updates.",
    "Details": "All systems are running normally. Please review the latest updates.",
    "Links": [
      { "Name": "MIT Lincoln Lab", "Url": "https://www.ll.mit.edu/" },
      { "Name": "NIST Cyber Framework", "Url": "https://www.nist.gov/cyberframework" },
      { "Name": "Test Link", "Url": "https://www.nist.gov/cyberframework" },
      { "Name": "Test Link2", "Url": "https://www.nist.gov/cyberframework" }
    ]
  },
  "Support": {
    "Text": "For assistance, contact IT Support at support@company.com or call 1-800-555-1234.",
    "Links": [
      { "Name": "Knowledge Base", "Url": "https://support.company.com/help" },
      { "Name": "Submit Ticket", "Url": "https://support.company.com/tickets" }
    ]
  },
  "EarlyAdopter": {
    "Text": "Join our Early Adopter Program to test upcoming features! Sign up now.",
    "Links": [
      { "Name": "Register", "Url": "https://beta.company.com/register" },
      { "Name": "More Info", "Url": "https://beta.company.com/details" }
    ]
  }
}

[2025-04-08 14:49:41] [INFO] Fetched content data from URL: https://raw.llcad-github.llan.ll.mit.edu/EndpointEngineering/SHOT/main/ContentData.json
[2025-04-08 14:49:41] [INFO] Initial contentData set: {
    "Announcements":  {
                          "Text":  "This is TEST data from the MITLL Git repository for this app. Released on 2025-03-11. Check out the new features and updates.",
                          "Details":  "All systems are running normally. Please review the latest updates.",
                          "Links":  [
                                        {
                                            "Name":  "MIT Lincoln Lab",
                                            "Url":  "https://www.ll.mit.edu/"
                                        },
                                        {
                                            "Name":  "NIST Cyber Framework",
                                            "Url":  "https://www.nist.gov/cyberframework"
                                        },
                                        {
                                            "Name":  "Test Link",
                                            "Url":  "https://www.nist.gov/cyberframework"
                                        },
                                        {
                                            "Name":  "Test Link2",
                                            "Url":  "https://www.nist.gov/cyberframework"
                                        }
                                    ]
                      },
    "Support":  {
                    "Text":  "For assistance, contact IT Support at support@company.com or call 1-800-555-1234.",
                    "Links":  [
                                  {
                                      "Name":  "Knowledge Base",
                                      "Url":  "https://support.company.com/help"
                                  },
                                  {
                                      "Name":  "Submit Ticket",
                                      "Url":  "https://support.company.com/tickets"
                                  }
                              ]
                },
    "EarlyAdopter":  {
                         "Text":  "Join our Early Adopter Program to test upcoming features! Sign up now.",
                         "Links":  [
                                       {
                                           "Name":  "Register",
                                           "Url":  "https://beta.company.com/register"
                                       },
                                       {
                                           "Name":  "More Info",
                                           "Url":  "https://beta.company.com/details"
                                       }
                                   ]
                     }
}
[2025-04-08 14:49:41] [INFO] Logged-in User: TO26409
[2025-04-08 14:49:42] [INFO] Machine Type: Dell Inc. Latitude 7450
[2025-04-08 14:49:42] [INFO] OS Version: Microsoft Windows 11 Enterprise (Build 26100) 24H2
[2025-04-08 14:49:42] [INFO] System Uptime: 8 days 4 hours
[2025-04-08 14:49:43] [INFO] Used Disk Space: 140.1 GB of 466.84 GB
[2025-04-08 14:49:46] [INFO] IP Address(es): 172.30.157.231, 192.168.1.38
[2025-04-08 14:49:46] [INFO] Started async YubiKey certificate check job.
[2025-04-08 14:49:47] [INFO] Primary screen: X=0, Y=0, Width=1920, Height=1128
[2025-04-08 14:49:47] [INFO] Window position set: Left=960, Top=564, Width=0, Height=0
[2025-04-08 14:49:47] [INFO] ykman.exe found at C:\Program Files\Yubico\Yubikey Manager\ykman.exe
[2025-04-08 14:49:47] [INFO] Primary screen: X=0, Y=0, Width=1920, Height=1128
[2025-04-08 14:49:47] [INFO] Window position set: Left=785, Top=314, Width=350, Height=500
[2025-04-08 14:49:47] [INFO] Dashboard hidden via Toggle-WindowVisibility.
[2025-04-08 14:49:48] [INFO] Dashboard shown via Toggle-WindowVisibility at Left=785.333333333333, Top=314, Visibility=Hidden, State=Normal
[2025-04-08 14:49:48] [INFO] Post-Show: IsVisible=False, IsActive=True, ZOrder=False
[2025-04-08 14:49:48] [INFO] Custom icon loaded from C:\Users\TO26409\Desktop\SHOT-main\icon.ico.
[2025-04-08 14:49:48] [INFO] Tray icon set to icon.ico
[2025-04-08 14:49:48] [INFO] Tray icon and status updated.
[2025-04-08 14:49:48] [INFO] Logs updated in GUI.
[2025-04-08 14:49:48] [INFO] Current Announcements: {
    "Text":  "This is TEST data from the MITLL Git repository for this app. Released on 2025-03-11. Check out the new features and updates.",
    "Details":  "All systems are running normally. Please review the latest updates.",
    "Links":  [
                  {
                      "Name":  "MIT Lincoln Lab",
                      "Url":  "https://www.ll.mit.edu/"
                  },
                  {
                      "Name":  "NIST Cyber Framework",
                      "Url":  "https://www.nist.gov/cyberframework"
                  },
                  {
                      "Name":  "Test Link",
                      "Url":  "https://www.nist.gov/cyberframework"
                  },
                  {
                      "Name":  "Test Link2",
                      "Url":  "https://www.nist.gov/cyberframework"
                  }
              ]
}
[2025-04-08 14:49:48] [INFO] Last Announcements: {
    "Text":  "This data is from the MITLL Git. Released on 2025-03-11. Check out the new features and updates.",
    "Details":  "All systems are running normally. Please review the latest updates.",
    "Links":  [
                  {
                      "Name":  "MIT Lincoln Lab",
                      "Url":  "https://www.ll.mit.edu/"
                  },
                  {
                      "Name":  "NIST Cyber Framework",
                      "Url":  "https://www.nist.gov/cyberframework"
                  },
                  {
                      "Name":  "Test Link",
                      "Url":  "https://www.nist.gov/cyberframework"
                  }
              ]
}
[2025-04-08 14:49:48] [INFO] Announcements changed detected: Text changed from 'This data is from the MITLL Git. Released on 2025-03-11. Check out the new features and updates.' to 'This is TEST data from the MITLL Git repository for this app. Released on 2025-03-11. Check out the new features and updates.'; New link added: 'Test Link2 (https://www.nist.gov/cyberframework)'
[2025-04-08 14:49:48] [INFO] Announcements red dot set to visible and toast popup displayed
[2025-04-08 14:49:48] [INFO] Announcements updated: This is TEST data from the MITLL Git repository for this app. Released on 2025-03-11. Check out the new features and updates.
[2025-04-08 14:49:48] [INFO] Resolved patch file path: C:\temp\patch_fixlets.txt
[2025-04-08 14:49:48] [ERROR] File not found or inaccessible: C:\temp\patch_fixlets.txt
[2025-04-08 14:49:48] [INFO] Patching status updated in UI: Patch info file not found at C:\temp\patch_fixlets.txt.
[2025-04-08 14:49:48] [INFO] Support info updated: For assistance, contact IT Support at support@company.com or call 1-800-555-1234.
[2025-04-08 14:49:48] [INFO] YubiKey detected: Device type: YubiKey FIPS Serial number: 8604470 Firmware version: 4.4.2 Enabled USB interfaces: OTP, FIDO, CCID  Applications OTP         	Enabled FIDO U2F    	Enabled FIDO2       	Not available OATH        	Enabled PIV         	Enabled OpenPGP     	Enabled YubiHSM Auth	Not available
[2025-04-08 14:49:48] [INFO] Early adopter info updated: Join our Early Adopter Program to test upcoming features! Sign up now.
[2025-04-08 14:49:48] [INFO] Compliance updated: Antivirus=True, BitLocker=True, BigFix=True, Code42=True, FIPS=True
[2025-04-08 14:49:48] [INFO] .NET Version: 4.0.30319.42000
[2025-04-08 14:49:48] [INFO] .NET Framework Description: 
[2025-04-08 14:49:48] [INFO] Initial update completed
[2025-04-08 14:49:48] [INFO] About to call Dispatcher.Run()...
[2025-04-08 14:49:49] [INFO] PIV info: PIV version:              4.4.2 PIN tries remaining:      6 Management key algorithm: 3 CHUID: 3019d4e739da739ced39ce739d836858210842108421c84210c3eb341025fd0ffd912bfd00c6bdecf9754d8e8a350832303330303130313e00fe00 CCC:   f015a000000116ff023b16d32b126504c7ef56a7ddb9acf10121f20121f300f40100f50110f600f700fa00fb00fc00fd00fe00 Slot 9a:   Algorithm:   RSA2048   Subject DN:  CN=Houle\, Todd (TO26409),OU=Other,O=MIT Lincoln Laboratory,C=US   Issuer DN:   CN=MITLL CA-6,OU=PKI,O=MIT Lincoln Laboratory,C=US   Serial:      1070437360214174780626919741661857003893730482   Fingerprint: bb1b403505a3256036d06fbe22421f291b53157ed2182baebd444ae1733cda4e   Not before:  2022-05-03T14:45:24   Not after:   2027-05-02T14:45:24  Slot 9d:   Algorithm:   RSA2048   Subject DN:  CN=Houle.Todd.M.50015957,OU=People,O=MIT Lincoln Laboratory,C=US   Issuer DN:   CN=MITLL CA-6,OU=PKI,O=MIT Lincoln Laboratory,C=US   Serial:      1070437360216538429004043895273552083163589811   Fingerprint: 25233554bb6936079123bd14bd04b14b3f28330a0ffa7063160ea66e0e6e9765   Not before:  2022-05-03T14:45:35   Not after:   2027-05-02T14:45:35 
[2025-04-08 14:49:49] [INFO] Checking slot 9a for certificate
[2025-04-08 14:49:50] [INFO] Primary screen: X=0, Y=0, Width=1920, Height=1128
[2025-04-08 14:49:50] [INFO] Window position set: Left=785, Top=314, Width=350, Height=500
[2025-04-08 14:49:50] [INFO] Certificate found in slot 9a
[2025-04-08 14:49:50] [INFO] Dashboard shown via Toggle-WindowVisibility at Left=785, Top=314, Visibility=Visible, State=Normal
[2025-04-08 14:49:50] [INFO] Post-Show: IsVisible=True, IsActive=True, ZOrder=False
[2025-04-08 14:50:10] [INFO] Config object: {
    "LogRotationSizeMB":  5,
    "YubiKeyLastCheck":  {
                             "Date":  "2025-03-18 09:23:31",
                             "Result":  {
                                            "value":  "YubiKey Certificate (Slot 9a): 1572 days until expiry (07/08/2029 04:10:00)",
                                            "PSComputerName":  "localhost",
                                            "RunspaceId":  "8d6662a3-ccdb-4a22-b485-a66578766424",
                                            "PSShowComputerName":  false
                                        }
                         },
    "DefaultLogLevel":  "INFO",
    "IconPaths":  {
                      "Main":  "icon.ico",
                      "Warning":  "warning.ico"
                  },
    "Version":  "1.1.0",
    "AnnouncementsLastState":  {
                                   "Text":  "This is TEST data from the MITLL Git repository for this app. Released on 2025-03-11. Check out the new features and updates.",
                                   "Details":  "All systems are running normally. Please review the latest updates.",
                                   "Links":  [
                                                 {
                                                     "Name":  "MIT Lincoln Lab",
                                                     "Url":  "https://www.ll.mit.edu/"
                                                 },
                                                 {
                                                     "Name":  "NIST Cyber Framework",
                                                     "Url":  "https://www.nist.gov/cyberframework"
                                                 },
                                                 {
                                                     "Name":  "Test Link",
                                                     "Url":  "https://www.nist.gov/cyberframework"
                                                 },
                                                 {
                                                     "Name":  "Test Link2",
                                                     "Url":  "https://www.nist.gov/cyberframework"
                                                 }
                                             ]
                               },
    "YubiKeyAlertDays":  7,
    "RefreshInterval":  30,
    "ContentDataUrl":  "https://raw.llcad-github.llan.ll.mit.edu/EndpointEngineering/SHOT/main/ContentData.json",
    "ContentFetchInterval":  60,
    "PatchInfoFilePath":  "C:\\temp\\patch_fixlets.txt"
}
[2025-04-08 14:50:10] [INFO] Raw ContentDataUrl from config: 'https://raw.llcad-github.llan.ll.mit.edu/EndpointEngineering/SHOT/main/ContentData.json'
[2025-04-08 14:50:10] [INFO] Using cached content data
[2025-04-08 14:50:10] [INFO] Custom icon loaded from C:\Users\TO26409\Desktop\SHOT-main\icon.ico.
[2025-04-08 14:50:10] [INFO] Tray icon set to icon.ico
[2025-04-08 14:50:10] [INFO] Tray icon and status updated.
[2025-04-08 14:50:10] [INFO] Logged-in User: TO26409
[2025-04-08 14:50:10] [INFO] Machine Type: Dell Inc. Latitude 7450
[2025-04-08 14:50:10] [INFO] OS Version: Microsoft Windows 11 Enterprise (Build 26100) 24H2
[2025-04-08 14:50:11] [INFO] System Uptime: 8 days 4 hours
[2025-04-08 14:50:11] [INFO] Used Disk Space: 140.13 GB of 466.84 GB
[2025-04-08 14:50:11] [INFO] IP Address(es): 172.30.157.231, 192.168.1.38
[2025-04-08 14:50:11] [INFO] YubiKey certificate check completed and saved: YubiKey Certificate (Slot 9a): 753 days until expiry (05/02/2027 10:45:24)
[2025-04-08 14:50:11] [INFO] Logs updated in GUI.
[2025-04-08 14:50:11] [INFO] Current Announcements: {
    "Text":  "This is TEST data from the MITLL Git repository for this app. Released on 2025-03-11. Check out the new features and updates.",
    "Details":  "All systems are running normally. Please review the latest updates.",
    "Links":  [
                  {
                      "Name":  "MIT Lincoln Lab",
                      "Url":  "https://www.ll.mit.edu/"
                  },
                  {
                      "Name":  "NIST Cyber Framework",
                      "Url":  "https://www.nist.gov/cyberframework"
                  },
                  {
                      "Name":  "Test Link",
                      "Url":  "https://www.nist.gov/cyberframework"
                  },
                  {
                      "Name":  "Test Link2",
                      "Url":  "https://www.nist.gov/cyberframework"
                  }
              ]
}
[2025-04-08 14:50:11] [INFO] Last Announcements: {
    "Text":  "This is TEST data from the MITLL Git repository for this app. Released on 2025-03-11. Check out the new features and updates.",
    "Details":  "All systems are running normally. Please review the latest updates.",
    "Links":  [
                  {
                      "Name":  "MIT Lincoln Lab",
                      "Url":  "https://www.ll.mit.edu/"
                  },
                  {
                      "Name":  "NIST Cyber Framework",
                      "Url":  "https://www.nist.gov/cyberframework"
                  },
                  {
                      "Name":  "Test Link",
                      "Url":  "https://www.nist.gov/cyberframework"
                  },
                  {
                      "Name":  "Test Link2",
                      "Url":  "https://www.nist.gov/cyberframework"
                  }
              ]
}
[2025-04-08 14:50:11] [INFO] No changes detected in Announcements or section already expanded
[2025-04-08 14:50:11] [INFO] Announcements updated: This is TEST data from the MITLL Git repository for this app. Released on 2025-03-11. Check out the new features and updates.
[2025-04-08 14:50:11] [INFO] Resolved patch file path: C:\temp\patch_fixlets.txt
[2025-04-08 14:50:11] [ERROR] File not found or inaccessible: C:\temp\patch_fixlets.txt
[2025-04-08 14:50:11] [INFO] Patching status updated in UI: Patch info file not found at C:\temp\patch_fixlets.txt.
[2025-04-08 14:50:11] [INFO] Support info updated: For assistance, contact IT Support at support@company.com or call 1-800-555-1234.
[2025-04-08 14:50:11] [INFO] Early adopter info updated: Join our Early Adopter Program to test upcoming features! Sign up now.
[2025-04-08 14:50:11] [INFO] Compliance updated: Antivirus=True, BitLocker=True, BigFix=True, Code42=True, FIPS=True
[2025-04-08 14:50:11] [INFO] Dispatcher tick completed
[2025-04-08 14:50:41] [INFO] Config object: {
    "LogRotationSizeMB":  5,
    "YubiKeyLastCheck":  {
                             "Date":  "2025-04-08 14:50:11",
                             "Result":  {
                                            "value":  "YubiKey Certificate (Slot 9a): 753 days until expiry (05/02/2027 10:45:24)",
                                            "PSComputerName":  "localhost",
                                            "RunspaceId":  "58226799-d2b8-45af-90f7-50a9b3a7adb7",
                                            "PSShowComputerName":  false
                                        }
                         },
    "DefaultLogLevel":  "INFO",
    "IconPaths":  {
                      "Main":  "icon.ico",
                      "Warning":  "warning.ico"
                  },
    "Version":  "1.1.0",
    "AnnouncementsLastState":  {
                                   "Text":  "This is TEST data from the MITLL Git repository for this app. Released on 2025-03-11. Check out the new features and updates.",
                                   "Details":  "All systems are running normally. Please review the latest updates.",
                                   "Links":  [
                                                 {
                                                     "Name":  "MIT Lincoln Lab",
                                                     "Url":  "https://www.ll.mit.edu/"
                                                 },
                                                 {
                                                     "Name":  "NIST Cyber Framework",
                                                     "Url":  "https://www.nist.gov/cyberframework"
                                                 },
                                                 {
                                                     "Name":  "Test Link",
                                                     "Url":  "https://www.nist.gov/cyberframework"
                                                 },
                                                 {
                                                     "Name":  "Test Link2",
                                                     "Url":  "https://www.nist.gov/cyberframework"
                                                 }
                                             ]
                               },
    "YubiKeyAlertDays":  7,
    "RefreshInterval":  30,
    "ContentDataUrl":  "https://raw.llcad-github.llan.ll.mit.edu/EndpointEngineering/SHOT/main/ContentData.json",
    "ContentFetchInterval":  60,
    "PatchInfoFilePath":  "C:\\temp\\patch_fixlets.txt"
}
[2025-04-08 14:50:41] [INFO] Raw ContentDataUrl from config: 'https://raw.llcad-github.llan.ll.mit.edu/EndpointEngineering/SHOT/main/ContentData.json'
[2025-04-08 14:50:41] [INFO] Using cached content data
[2025-04-08 14:50:41] [INFO] Custom icon loaded from C:\Users\TO26409\Desktop\SHOT-main\icon.ico.
[2025-04-08 14:50:41] [INFO] Tray icon set to icon.ico
[2025-04-08 14:50:41] [INFO] Tray icon and status updated.
[2025-04-08 14:50:41] [INFO] Logged-in User: TO26409
[2025-04-08 14:50:41] [INFO] Machine Type: Dell Inc. Latitude 7450
[2025-04-08 14:50:41] [INFO] OS Version: Microsoft Windows 11 Enterprise (Build 26100) 24H2
[2025-04-08 14:50:41] [INFO] System Uptime: 8 days 4 hours
[2025-04-08 14:50:41] [INFO] Used Disk Space: 140.15 GB of 466.84 GB
[2025-04-08 14:50:41] [INFO] IP Address(es): 172.30.157.231, 192.168.1.38
[2025-04-08 14:50:41] [INFO] Logs updated in GUI.
[2025-04-08 14:50:41] [INFO] Current Announcements: {
    "Text":  "This is TEST data from the MITLL Git repository for this app. Released on 2025-03-11. Check out the new features and updates.",
    "Details":  "All systems are running normally. Please review the latest updates.",
    "Links":  [
                  {
                      "Name":  "MIT Lincoln Lab",
                      "Url":  "https://www.ll.mit.edu/"
                  },
                  {
                      "Name":  "NIST Cyber Framework",
                      "Url":  "https://www.nist.gov/cyberframework"
                  },
                  {
                      "Name":  "Test Link",
                      "Url":  "https://www.nist.gov/cyberframework"
                  },
                  {
                      "Name":  "Test Link2",
                      "Url":  "https://www.nist.gov/cyberframework"
                  }
              ]
}
[2025-04-08 14:50:41] [INFO] Last Announcements: {
    "Text":  "This is TEST data from the MITLL Git repository for this app. Released on 2025-03-11. Check out the new features and updates.",
    "Details":  "All systems are running normally. Please review the latest updates.",
    "Links":  [
                  {
                      "Name":  "MIT Lincoln Lab",
                      "Url":  "https://www.ll.mit.edu/"
                  },
                  {
                      "Name":  "NIST Cyber Framework",
                      "Url":  "https://www.nist.gov/cyberframework"
                  },
                  {
                      "Name":  "Test Link",
                      "Url":  "https://www.nist.gov/cyberframework"
                  },
                  {
                      "Name":  "Test Link2",
                      "Url":  "https://www.nist.gov/cyberframework"
                  }
              ]
}
[2025-04-08 14:50:41] [INFO] No changes detected in Announcements or section already expanded
[2025-04-08 14:50:41] [INFO] Announcements updated: This is TEST data from the MITLL Git repository for this app. Released on 2025-03-11. Check out the new features and updates.
[2025-04-08 14:50:41] [INFO] Resolved patch file path: C:\temp\patch_fixlets.txt
[2025-04-08 14:50:41] [ERROR] File not found or inaccessible: C:\temp\patch_fixlets.txt
[2025-04-08 14:50:41] [INFO] Patching status updated in UI: Patch info file not found at C:\temp\patch_fixlets.txt.
[2025-04-08 14:50:41] [INFO] Support info updated: For assistance, contact IT Support at support@company.com or call 1-800-555-1234.
[2025-04-08 14:50:42] [INFO] Early adopter info updated: Join our Early Adopter Program to test upcoming features! Sign up now.
[2025-04-08 14:50:42] [INFO] Compliance updated: Antivirus=True, BitLocker=True, BigFix=True, Code42=True, FIPS=True
[2025-04-08 14:50:42] [INFO] Dispatcher tick completed
[2025-04-08 14:51:12] [INFO] Config object: {
    "LogRotationSizeMB":  5,
    "YubiKeyLastCheck":  {
                             "Date":  "2025-04-08 14:50:11",
                             "Result":  {
                                            "value":  "YubiKey Certificate (Slot 9a): 753 days until expiry (05/02/2027 10:45:24)",
                                            "PSComputerName":  "localhost",
                                            "RunspaceId":  "58226799-d2b8-45af-90f7-50a9b3a7adb7",
                                            "PSShowComputerName":  false
                                        }
                         },
    "DefaultLogLevel":  "INFO",
    "IconPaths":  {
                      "Main":  "icon.ico",
                      "Warning":  "warning.ico"
                  },
    "Version":  "1.1.0",
    "AnnouncementsLastState":  {
                                   "Text":  "This is TEST data from the MITLL Git repository for this app. Released on 2025-03-11. Check out the new features and updates.",
                                   "Details":  "All systems are running normally. Please review the latest updates.",
                                   "Links":  [
                                                 {
                                                     "Name":  "MIT Lincoln Lab",
                                                     "Url":  "https://www.ll.mit.edu/"
                                                 },
                                                 {
                                                     "Name":  "NIST Cyber Framework",
                                                     "Url":  "https://www.nist.gov/cyberframework"
                                                 },
                                                 {
                                                     "Name":  "Test Link",
                                                     "Url":  "https://www.nist.gov/cyberframework"
                                                 },
                                                 {
                                                     "Name":  "Test Link2",
                                                     "Url":  "https://www.nist.gov/cyberframework"
                                                 }
                                             ]
                               },
    "YubiKeyAlertDays":  7,
    "RefreshInterval":  30,
    "ContentDataUrl":  "https://raw.llcad-github.llan.ll.mit.edu/EndpointEngineering/SHOT/main/ContentData.json",
    "ContentFetchInterval":  60,
    "PatchInfoFilePath":  "C:\\temp\\patch_fixlets.txt"
}
[2025-04-08 14:51:12] [INFO] Raw ContentDataUrl from config: 'https://raw.llcad-github.llan.ll.mit.edu/EndpointEngineering/SHOT/main/ContentData.json'
[2025-04-08 14:51:12] [INFO] Attempting to fetch content from: https://raw.llcad-github.llan.ll.mit.edu/EndpointEngineering/SHOT/main/ContentData.json
[2025-04-08 14:51:12] [INFO] Detected HTTP/HTTPS URL, using Invoke-WebRequest
[2025-04-08 14:51:12] [INFO] Raw content: {
  "Announcements": {
    "Text": "This is TEST data from the MITLL Git repository for this app. Released on 2025-03-11. Check out the new features and updates.",
    "Details": "All systems are running normally. Please review the latest updates.",
    "Links": [
      { "Name": "MIT Lincoln Lab", "Url": "https://www.ll.mit.edu/" },
      { "Name": "NIST Cyber Framework", "Url": "https://www.nist.gov/cyberframework" },
      { "Name": "Test Link", "Url": "https://www.nist.gov/cyberframework" },
      { "Name": "Test Link2", "Url": "https://www.nist.gov/cyberframework" }
    ]
  },
  "Support": {
    "Text": "For assistance, contact IT Support at support@company.com or call 1-800-555-1234.",
    "Links": [
      { "Name": "Knowledge Base", "Url": "https://support.company.com/help" },
      { "Name": "Submit Ticket", "Url": "https://support.company.com/tickets" }
    ]
  },
  "EarlyAdopter": {
    "Text": "Join our Early Adopter Program to test upcoming features! Sign up now.",
    "Links": [
      { "Name": "Register", "Url": "https://beta.company.com/register" },
      { "Name": "More Info", "Url": "https://beta.company.com/details" }
    ]
  }
}

[2025-04-08 14:51:12] [INFO] Fetched content data from URL: https://raw.llcad-github.llan.ll.mit.edu/EndpointEngineering/SHOT/main/ContentData.json
[2025-04-08 14:51:12] [INFO] Custom icon loaded from C:\Users\TO26409\Desktop\SHOT-main\icon.ico.
[2025-04-08 14:51:12] [INFO] Tray icon set to icon.ico
[2025-04-08 14:51:12] [INFO] Tray icon and status updated.
[2025-04-08 14:51:12] [INFO] Logged-in User: TO26409
[2025-04-08 14:51:12] [INFO] Machine Type: Dell Inc. Latitude 7450
[2025-04-08 14:51:12] [INFO] OS Version: Microsoft Windows 11 Enterprise (Build 26100) 24H2
[2025-04-08 14:51:12] [INFO] System Uptime: 8 days 4 hours
[2025-04-08 14:51:12] [INFO] Used Disk Space: 140.14 GB of 466.84 GB
[2025-04-08 14:51:12] [INFO] IP Address(es): 172.30.157.231, 192.168.1.38
[2025-04-08 14:51:12] [INFO] Logs updated in GUI.
[2025-04-08 14:51:12] [INFO] Current Announcements: {
    "Text":  "This is TEST data from the MITLL Git repository for this app. Released on 2025-03-11. Check out the new features and updates.",
    "Details":  "All systems are running normally. Please review the latest updates.",
    "Links":  [
                  {
                      "Name":  "MIT Lincoln Lab",
                      "Url":  "https://www.ll.mit.edu/"
                  },
                  {
                      "Name":  "NIST Cyber Framework",
                      "Url":  "https://www.nist.gov/cyberframework"
                  },
                  {
                      "Name":  "Test Link",
                      "Url":  "https://www.nist.gov/cyberframework"
                  },
                  {
                      "Name":  "Test Link2",
                      "Url":  "https://www.nist.gov/cyberframework"
                  }
              ]
}
[2025-04-08 14:51:12] [INFO] Last Announcements: {
    "Text":  "This is TEST data from the MITLL Git repository for this app. Released on 2025-03-11. Check out the new features and updates.",
    "Details":  "All systems are running normally. Please review the latest updates.",
    "Links":  [
                  {
                      "Name":  "MIT Lincoln Lab",
                      "Url":  "https://www.ll.mit.edu/"
                  },
                  {
                      "Name":  "NIST Cyber Framework",
                      "Url":  "https://www.nist.gov/cyberframework"
                  },
                  {
                      "Name":  "Test Link",
                      "Url":  "https://www.nist.gov/cyberframework"
                  },
                  {
                      "Name":  "Test Link2",
                      "Url":  "https://www.nist.gov/cyberframework"
                  }
              ]
}
[2025-04-08 14:51:12] [INFO] No changes detected in Announcements or section already expanded
[2025-04-08 14:51:12] [INFO] Announcements updated: This is TEST data from the MITLL Git repository for this app. Released on 2025-03-11. Check out the new features and updates.
[2025-04-08 14:51:12] [INFO] Resolved patch file path: C:\temp\patch_fixlets.txt
[2025-04-08 14:51:12] [ERROR] File not found or inaccessible: C:\temp\patch_fixlets.txt
[2025-04-08 14:51:12] [INFO] Patching status updated in UI: Patch info file not found at C:\temp\patch_fixlets.txt.
[2025-04-08 14:51:12] [INFO] Support info updated: For assistance, contact IT Support at support@company.com or call 1-800-555-1234.
[2025-04-08 14:51:12] [INFO] Early adopter info updated: Join our Early Adopter Program to test upcoming features! Sign up now.
[2025-04-08 14:51:12] [INFO] Compliance updated: Antivirus=True, BitLocker=True, BigFix=True, Code42=True, FIPS=True
[2025-04-08 14:51:12] [INFO] Dispatcher tick completed
[2025-04-08 14:51:33] [INFO] Dashboard hidden via window closing event.
[2025-04-08 14:51:36] [INFO] Primary screen: X=0, Y=0, Width=1920, Height=1128
[2025-04-08 14:51:36] [INFO] Window position set: Left=785, Top=314, Width=350, Height=500
[2025-04-08 14:51:36] [INFO] Dashboard shown via Toggle-WindowVisibility at Left=785.333333333333, Top=314, Visibility=Visible, State=Normal
[2025-04-08 14:51:36] [INFO] Post-Show: IsVisible=True, IsActive=True, ZOrder=False
[2025-04-08 14:51:40] [INFO] Dashboard hidden via window closing event.
[2025-04-08 14:51:42] [INFO] Primary screen: X=0, Y=0, Width=1920, Height=1128
[2025-04-08 14:51:42] [INFO] Window position set: Left=785, Top=314, Width=350, Height=500
[2025-04-08 14:51:43] [INFO] Dashboard shown via Toggle-WindowVisibility at Left=785.333333333333, Top=314, Visibility=Visible, State=Normal
[2025-04-08 14:51:43] [INFO] Post-Show: IsVisible=True, IsActive=True, ZOrder=False
[2025-04-08 14:51:43] [INFO] Config object: {
    "LogRotationSizeMB":  5,
    "YubiKeyLastCheck":  {
                             "Date":  "2025-04-08 14:50:11",
                             "Result":  {
                                            "value":  "YubiKey Certificate (Slot 9a): 753 days until expiry (05/02/2027 10:45:24)",
                                            "PSComputerName":  "localhost",
                                            "RunspaceId":  "58226799-d2b8-45af-90f7-50a9b3a7adb7",
                                            "PSShowComputerName":  false
                                        }
                         },
    "DefaultLogLevel":  "INFO",
    "IconPaths":  {
                      "Main":  "icon.ico",
                      "Warning":  "warning.ico"
                  },
    "Version":  "1.1.0",
    "AnnouncementsLastState":  {
                                   "Text":  "This is TEST data from the MITLL Git repository for this app. Released on 2025-03-11. Check out the new features and updates.",
                                   "Details":  "All systems are running normally. Please review the latest updates.",
                                   "Links":  [
                                                 {
                                                     "Name":  "MIT Lincoln Lab",
                                                     "Url":  "https://www.ll.mit.edu/"
                                                 },
                                                 {
                                                     "Name":  "NIST Cyber Framework",
                                                     "Url":  "https://www.nist.gov/cyberframework"
                                                 },
                                                 {
                                                     "Name":  "Test Link",
                                                     "Url":  "https://www.nist.gov/cyberframework"
                                                 },
                                                 {
                                                     "Name":  "Test Link2",
                                                     "Url":  "https://www.nist.gov/cyberframework"
                                                 }
                                             ]
                               },
    "YubiKeyAlertDays":  7,
    "RefreshInterval":  30,
    "ContentDataUrl":  "https://raw.llcad-github.llan.ll.mit.edu/EndpointEngineering/SHOT/main/ContentData.json",
    "ContentFetchInterval":  60,
    "PatchInfoFilePath":  "C:\\temp\\patch_fixlets.txt"
}
[2025-04-08 14:51:43] [INFO] Raw ContentDataUrl from config: 'https://raw.llcad-github.llan.ll.mit.edu/EndpointEngineering/SHOT/main/ContentData.json'
[2025-04-08 14:51:43] [INFO] Using cached content data
[2025-04-08 14:51:43] [INFO] Custom icon loaded from C:\Users\TO26409\Desktop\SHOT-main\icon.ico.
[2025-04-08 14:51:43] [INFO] Tray icon set to icon.ico
[2025-04-08 14:51:43] [INFO] Tray icon and status updated.
[2025-04-08 14:51:43] [INFO] Logged-in User: TO26409
[2025-04-08 14:51:43] [INFO] Machine Type: Dell Inc. Latitude 7450
[2025-04-08 14:51:43] [INFO] OS Version: Microsoft Windows 11 Enterprise (Build 26100) 24H2
[2025-04-08 14:51:43] [INFO] System Uptime: 8 days 4 hours
[2025-04-08 14:51:43] [INFO] Used Disk Space: 140.15 GB of 466.84 GB
[2025-04-08 14:51:43] [INFO] IP Address(es): 172.30.157.231, 192.168.1.38
[2025-04-08 14:51:43] [INFO] Logs updated in GUI.
[2025-04-08 14:51:43] [INFO] Current Announcements: {
    "Text":  "This is TEST data from the MITLL Git repository for this app. Released on 2025-03-11. Check out the new features and updates.",
    "Details":  "All systems are running normally. Please review the latest updates.",
    "Links":  [
                  {
                      "Name":  "MIT Lincoln Lab",
                      "Url":  "https://www.ll.mit.edu/"
                  },
                  {
                      "Name":  "NIST Cyber Framework",
                      "Url":  "https://www.nist.gov/cyberframework"
                  },
                  {
                      "Name":  "Test Link",
                      "Url":  "https://www.nist.gov/cyberframework"
                  },
                  {
                      "Name":  "Test Link2",
                      "Url":  "https://www.nist.gov/cyberframework"
                  }
              ]
}
[2025-04-08 14:51:43] [INFO] Last Announcements: {
    "Text":  "This is TEST data from the MITLL Git repository for this app. Released on 2025-03-11. Check out the new features and updates.",
    "Details":  "All systems are running normally. Please review the latest updates.",
    "Links":  [
                  {
                      "Name":  "MIT Lincoln Lab",
                      "Url":  "https://www.ll.mit.edu/"
                  },
                  {
                      "Name":  "NIST Cyber Framework",
                      "Url":  "https://www.nist.gov/cyberframework"
                  },
                  {
                      "Name":  "Test Link",
                      "Url":  "https://www.nist.gov/cyberframework"
                  },
                  {
                      "Name":  "Test Link2",
                      "Url":  "https://www.nist.gov/cyberframework"
                  }
              ]
}
[2025-04-08 14:51:43] [INFO] No changes detected in Announcements or section already expanded
[2025-04-08 14:51:43] [INFO] Announcements updated: This is TEST data from the MITLL Git repository for this app. Released on 2025-03-11. Check out the new features and updates.
[2025-04-08 14:51:43] [INFO] Resolved patch file path: C:\temp\patch_fixlets.txt
[2025-04-08 14:51:43] [ERROR] File not found or inaccessible: C:\temp\patch_fixlets.txt
[2025-04-08 14:51:43] [INFO] Patching status updated in UI: Patch info file not found at C:\temp\patch_fixlets.txt.
[2025-04-08 14:51:43] [INFO] Support info updated: For assistance, contact IT Support at support@company.com or call 1-800-555-1234.
[2025-04-08 14:51:43] [INFO] Early adopter info updated: Join our Early Adopter Program to test upcoming features! Sign up now.
[2025-04-08 14:51:43] [INFO] Compliance updated: Antivirus=True, BitLocker=True, BigFix=True, Code42=True, FIPS=True
[2025-04-08 14:51:43] [INFO] Dispatcher tick completed
[2025-04-08 15:01:18] [INFO] Loaded config from C:\Users\TO26409\Desktop\SHOT-main\SHOT.config.json
[2025-04-08 15:01:19] [INFO] Initial window setup: Left=100, Top=100, Width=350, Height=500, State=Normal
[2025-04-08 15:01:19] [INFO] Custom icon loaded from C:\Users\TO26409\Desktop\SHOT-main\icon.ico.
[2025-04-08 15:01:19] [INFO] Tray icon initialized with icon.ico
[2025-04-08 15:01:19] [INFO] Note: To ensure the SHOT tray icon is always visible, right-click the taskbar, select 'Taskbar settings', scroll to 'Notification area', click 'Select which icons appear on the taskbar', and set 'SHOT' to 'On'.
[2025-04-08 15:01:19] [INFO] DispatcherTimer started with interval 30 seconds
[2025-04-08 15:01:19] [INFO] Config object: {
    "LogRotationSizeMB":  5,
    "YubiKeyLastCheck":  {
                             "Date":  "2025-04-08 14:50:11",
                             "Result":  {
                                            "value":  "YubiKey Certificate (Slot 9a): 753 days until expiry (05/02/2027 10:45:24)",
                                            "PSComputerName":  "localhost",
                                            "RunspaceId":  "58226799-d2b8-45af-90f7-50a9b3a7adb7",
                                            "PSShowComputerName":  false
                                        }
                         },
    "DefaultLogLevel":  "INFO",
    "IconPaths":  {
                      "Main":  "icon.ico",
                      "Warning":  "warning.ico"
                  },
    "Version":  "1.1.0",
    "AnnouncementsLastState":  {
                                   "Text":  "This is TEST data from the MITLL Git repository for this app. Released on 2025-03-11. Check out the new features and updates.",
                                   "Details":  "All systems are running normally. Please review the latest updates.",
                                   "Links":  [
                                                 {
                                                     "Name":  "MIT Lincoln Lab",
                                                     "Url":  "https://www.ll.mit.edu/"
                                                 },
                                                 {
                                                     "Name":  "NIST Cyber Framework",
                                                     "Url":  "https://www.nist.gov/cyberframework"
                                                 },
                                                 {
                                                     "Name":  "Test Link",
                                                     "Url":  "https://www.nist.gov/cyberframework"
                                                 },
                                                 {
                                                     "Name":  "Test Link2",
                                                     "Url":  "https://www.nist.gov/cyberframework"
                                                 }
                                             ]
                               },
    "YubiKeyAlertDays":  7,
    "RefreshInterval":  30,
    "ContentDataUrl":  "https://raw.llcad-github.llan.ll.mit.edu/EndpointEngineering/SHOT/main/ContentData.json",
    "ContentFetchInterval":  60,
    "PatchInfoFilePath":  "C:\\temp\\patch_fixlets.txt"
}
[2025-04-08 15:01:20] [INFO] Raw ContentDataUrl from config: 'https://raw.llcad-github.llan.ll.mit.edu/EndpointEngineering/SHOT/main/ContentData.json'
[2025-04-08 15:01:20] [INFO] Attempting to fetch content from: https://raw.llcad-github.llan.ll.mit.edu/EndpointEngineering/SHOT/main/ContentData.json
[2025-04-08 15:01:20] [INFO] Detected HTTP/HTTPS URL, using Invoke-WebRequest
[2025-04-08 15:01:20] [INFO] Raw content: {
  "Announcements": {
    "Text": "This is TEST data from the MITLL Git repository for this app. Released on 2025-03-11. Check out the new features and updates.",
    "Details": "All systems are running normally. Please review the latest updates.",
    "Links": [
      { "Name": "MIT Lincoln Lab", "Url": "https://www.ll.mit.edu/" },
      { "Name": "NIST Cyber Framework", "Url": "https://www.nist.gov/cyberframework" },
      { "Name": "Test Link", "Url": "https://www.nist.gov/cyberframework" },
      { "Name": "Test Link2", "Url": "https://www.nist.gov/cyberframework" }
    ]
  },
  "Support": {
    "Text": "For assistance, contact IT Support at support@company.com or call 1-800-555-1234.",
    "Links": [
      { "Name": "Knowledge Base", "Url": "https://support.company.com/help" },
      { "Name": "Submit Ticket", "Url": "https://support.company.com/tickets" }
    ]
  },
  "EarlyAdopter": {
    "Text": "Join our Early Adopter Program to test upcoming features! Sign up now.",
    "Links": [
      { "Name": "Register", "Url": "https://beta.company.com/register" },
      { "Name": "More Info", "Url": "https://beta.company.com/details" }
    ]
  }
}

[2025-04-08 15:01:20] [INFO] Fetched content data from URL: https://raw.llcad-github.llan.ll.mit.edu/EndpointEngineering/SHOT/main/ContentData.json
[2025-04-08 15:01:20] [INFO] Initial contentData set: {
    "Announcements":  {
                          "Text":  "This is TEST data from the MITLL Git repository for this app. Released on 2025-03-11. Check out the new features and updates.",
                          "Details":  "All systems are running normally. Please review the latest updates.",
                          "Links":  [
                                        {
                                            "Name":  "MIT Lincoln Lab",
                                            "Url":  "https://www.ll.mit.edu/"
                                        },
                                        {
                                            "Name":  "NIST Cyber Framework",
                                            "Url":  "https://www.nist.gov/cyberframework"
                                        },
                                        {
                                            "Name":  "Test Link",
                                            "Url":  "https://www.nist.gov/cyberframework"
                                        },
                                        {
                                            "Name":  "Test Link2",
                                            "Url":  "https://www.nist.gov/cyberframework"
                                        }
                                    ]
                      },
    "Support":  {
                    "Text":  "For assistance, contact IT Support at support@company.com or call 1-800-555-1234.",
                    "Links":  [
                                  {
                                      "Name":  "Knowledge Base",
                                      "Url":  "https://support.company.com/help"
                                  },
                                  {
                                      "Name":  "Submit Ticket",
                                      "Url":  "https://support.company.com/tickets"
                                  }
                              ]
                },
    "EarlyAdopter":  {
                         "Text":  "Join our Early Adopter Program to test upcoming features! Sign up now.",
                         "Links":  [
                                       {
                                           "Name":  "Register",
                                           "Url":  "https://beta.company.com/register"
                                       },
                                       {
                                           "Name":  "More Info",
                                           "Url":  "https://beta.company.com/details"
                                       }
                                   ]
                     }
}
[2025-04-08 15:01:20] [INFO] Logged-in User: TO26409
[2025-04-08 15:01:21] [INFO] Machine Type: Dell Inc. Latitude 7450
[2025-04-08 15:01:21] [INFO] OS Version: Microsoft Windows 11 Enterprise (Build 26100) 24H2
[2025-04-08 15:01:22] [INFO] System Uptime: 8 days 4 hours
[2025-04-08 15:01:22] [INFO] Used Disk Space: 140.79 GB of 466.84 GB
[2025-04-08 15:01:25] [INFO] IP Address(es): 172.30.157.231, 192.168.1.38
[2025-04-08 15:01:26] [INFO] Started async YubiKey certificate check job.
[2025-04-08 15:01:26] [INFO] ykman.exe found at C:\Program Files\Yubico\Yubikey Manager\ykman.exe
[2025-04-08 15:01:26] [INFO] Custom icon loaded from C:\Users\TO26409\Desktop\SHOT-main\icon.ico.
[2025-04-08 15:01:26] [INFO] Tray icon set to icon.ico
[2025-04-08 15:01:26] [INFO] Tray icon and status updated.
[2025-04-08 15:01:26] [INFO] Logs updated in GUI.
[2025-04-08 15:01:26] [INFO] Current Announcements: {
    "Text":  "This is TEST data from the MITLL Git repository for this app. Released on 2025-03-11. Check out the new features and updates.",
    "Details":  "All systems are running normally. Please review the latest updates.",
    "Links":  [
                  {
                      "Name":  "MIT Lincoln Lab",
                      "Url":  "https://www.ll.mit.edu/"
                  },
                  {
                      "Name":  "NIST Cyber Framework",
                      "Url":  "https://www.nist.gov/cyberframework"
                  },
                  {
                      "Name":  "Test Link",
                      "Url":  "https://www.nist.gov/cyberframework"
                  },
                  {
                      "Name":  "Test Link2",
                      "Url":  "https://www.nist.gov/cyberframework"
                  }
              ]
}
[2025-04-08 15:01:26] [INFO] Last Announcements: {
    "Text":  "This is TEST data from the MITLL Git repository for this app. Released on 2025-03-11. Check out the new features and updates.",
    "Details":  "All systems are running normally. Please review the latest updates.",
    "Links":  [
                  {
                      "Name":  "MIT Lincoln Lab",
                      "Url":  "https://www.ll.mit.edu/"
                  },
                  {
                      "Name":  "NIST Cyber Framework",
                      "Url":  "https://www.nist.gov/cyberframework"
                  },
                  {
                      "Name":  "Test Link",
                      "Url":  "https://www.nist.gov/cyberframework"
                  },
                  {
                      "Name":  "Test Link2",
                      "Url":  "https://www.nist.gov/cyberframework"
                  }
              ]
}
[2025-04-08 15:01:26] [INFO] No changes detected in Announcements or section already expanded
[2025-04-08 15:01:26] [INFO] Announcements updated: This is TEST data from the MITLL Git repository for this app. Released on 2025-03-11. Check out the new features and updates.
[2025-04-08 15:01:26] [INFO] Resolved patch file path: C:\temp\patch_fixlets.txt
[2025-04-08 15:01:26] [ERROR] File not found or inaccessible: C:\temp\patch_fixlets.txt
[2025-04-08 15:01:26] [INFO] Patching status updated in UI: Patch info file not found at C:\temp\patch_fixlets.txt.
[2025-04-08 15:01:26] [INFO] Support info updated: For assistance, contact IT Support at support@company.com or call 1-800-555-1234.
[2025-04-08 15:01:26] [INFO] Early adopter info updated: Join our Early Adopter Program to test upcoming features! Sign up now.
[2025-04-08 15:01:27] [INFO] Compliance updated: Antivirus=True, BitLocker=True, BigFix=True, Code42=True, FIPS=True
[2025-04-08 15:01:27] [INFO] .NET Version: 4.0.30319.42000
[2025-04-08 15:01:27] [INFO] .NET Framework Description: 
[2025-04-08 15:01:27] [INFO] Initial update completed
[2025-04-08 15:01:27] [INFO] About to call Dispatcher.Run()...
[2025-04-08 15:01:27] [INFO] YubiKey detected: Device type: YubiKey FIPS Serial number: 8604470 Firmware version: 4.4.2 Enabled USB interfaces: OTP, FIDO, CCID  Applications OTP         	Enabled FIDO U2F    	Enabled FIDO2       	Not available OATH        	Enabled PIV         	Enabled OpenPGP     	Enabled YubiHSM Auth	Not available
[2025-04-08 15:01:28] [INFO] PIV info: PIV version:              4.4.2 PIN tries remaining:      6 Management key algorithm: 3 CHUID: 3019d4e739da739ced39ce739d836858210842108421c84210c3eb341025fd0ffd912bfd00c6bdecf9754d8e8a350832303330303130313e00fe00 CCC:   f015a000000116ff023b16d32b126504c7ef56a7ddb9acf10121f20121f300f40100f50110f600f700fa00fb00fc00fd00fe00 Slot 9a:   Algorithm:   RSA2048   Subject DN:  CN=Houle\, Todd (TO26409),OU=Other,O=MIT Lincoln Laboratory,C=US   Issuer DN:   CN=MITLL CA-6,OU=PKI,O=MIT Lincoln Laboratory,C=US   Serial:      1070437360214174780626919741661857003893730482   Fingerprint: bb1b403505a3256036d06fbe22421f291b53157ed2182baebd444ae1733cda4e   Not before:  2022-05-03T14:45:24   Not after:   2027-05-02T14:45:24  Slot 9d:   Algorithm:   RSA2048   Subject DN:  CN=Houle.Todd.M.50015957,OU=People,O=MIT Lincoln Laboratory,C=US   Issuer DN:   CN=MITLL CA-6,OU=PKI,O=MIT Lincoln Laboratory,C=US   Serial:      1070437360216538429004043895273552083163589811   Fingerprint: 25233554bb6936079123bd14bd04b14b3f28330a0ffa7063160ea66e0e6e9765   Not before:  2022-05-03T14:45:35   Not after:   2027-05-02T14:45:35 
[2025-04-08 15:01:28] [INFO] Checking slot 9a for certificate
[2025-04-08 15:01:29] [INFO] Certificate found in slot 9a
[2025-04-08 15:01:35] [INFO] Primary screen: X=0, Y=0, Width=1920, Height=1128
[2025-04-08 15:01:35] [INFO] Window position set: Left=960, Top=564, Width=0, Height=0
[2025-04-08 15:01:35] [INFO] Primary screen: X=0, Y=0, Width=1920, Height=1128
[2025-04-08 15:01:35] [INFO] Window position set: Left=785, Top=314, Width=350, Height=500
[2025-04-08 15:01:36] [INFO] Dashboard shown via Toggle-WindowVisibility at Left=785.333333333333, Top=314, Visibility=Visible, State=Normal
[2025-04-08 15:01:36] [INFO] Post-Show: IsVisible=True, IsActive=True, ZOrder=False
[2025-04-08 15:01:49] [INFO] Config object: {
    "LogRotationSizeMB":  5,
    "YubiKeyLastCheck":  {
                             "Date":  "2025-04-08 14:50:11",
                             "Result":  {
                                            "value":  "YubiKey Certificate (Slot 9a): 753 days until expiry (05/02/2027 10:45:24)",
                                            "PSComputerName":  "localhost",
                                            "RunspaceId":  "58226799-d2b8-45af-90f7-50a9b3a7adb7",
                                            "PSShowComputerName":  false
                                        }
                         },
    "DefaultLogLevel":  "INFO",
    "IconPaths":  {
                      "Main":  "icon.ico",
                      "Warning":  "warning.ico"
                  },
    "Version":  "1.1.0",
    "AnnouncementsLastState":  {
                                   "Text":  "This is TEST data from the MITLL Git repository for this app. Released on 2025-03-11. Check out the new features and updates.",
                                   "Details":  "All systems are running normally. Please review the latest updates.",
                                   "Links":  [
                                                 {
                                                     "Name":  "MIT Lincoln Lab",
                                                     "Url":  "https://www.ll.mit.edu/"
                                                 },
                                                 {
                                                     "Name":  "NIST Cyber Framework",
                                                     "Url":  "https://www.nist.gov/cyberframework"
                                                 },
                                                 {
                                                     "Name":  "Test Link",
                                                     "Url":  "https://www.nist.gov/cyberframework"
                                                 },
                                                 {
                                                     "Name":  "Test Link2",
                                                     "Url":  "https://www.nist.gov/cyberframework"
                                                 }
                                             ]
                               },
    "YubiKeyAlertDays":  7,
    "RefreshInterval":  30,
    "ContentDataUrl":  "https://raw.llcad-github.llan.ll.mit.edu/EndpointEngineering/SHOT/main/ContentData.json",
    "ContentFetchInterval":  60,
    "PatchInfoFilePath":  "C:\\temp\\patch_fixlets.txt"
}
[2025-04-08 15:01:49] [INFO] Raw ContentDataUrl from config: 'https://raw.llcad-github.llan.ll.mit.edu/EndpointEngineering/SHOT/main/ContentData.json'
[2025-04-08 15:01:49] [INFO] Using cached content data
[2025-04-08 15:01:49] [INFO] Custom icon loaded from C:\Users\TO26409\Desktop\SHOT-main\icon.ico.
[2025-04-08 15:01:49] [INFO] Tray icon set to icon.ico
[2025-04-08 15:01:49] [INFO] Tray icon and status updated.
[2025-04-08 15:01:49] [INFO] Logged-in User: TO26409
[2025-04-08 15:01:49] [INFO] Machine Type: Dell Inc. Latitude 7450
[2025-04-08 15:01:49] [INFO] OS Version: Microsoft Windows 11 Enterprise (Build 26100) 24H2
[2025-04-08 15:01:50] [INFO] System Uptime: 8 days 4 hours
[2025-04-08 15:01:50] [INFO] Used Disk Space: 140.8 GB of 466.84 GB
[2025-04-08 15:01:50] [INFO] IP Address(es): 172.30.157.231, 192.168.1.38
[2025-04-08 15:01:50] [INFO] YubiKey certificate check completed and saved: YubiKey Certificate (Slot 9a): 753 days until expiry (05/02/2027 10:45:24)
[2025-04-08 15:01:50] [INFO] Logs updated in GUI.
[2025-04-08 15:01:50] [INFO] Current Announcements: {
    "Text":  "This is TEST data from the MITLL Git repository for this app. Released on 2025-03-11. Check out the new features and updates.",
    "Details":  "All systems are running normally. Please review the latest updates.",
    "Links":  [
                  {
                      "Name":  "MIT Lincoln Lab",
                      "Url":  "https://www.ll.mit.edu/"
                  },
                  {
                      "Name":  "NIST Cyber Framework",
                      "Url":  "https://www.nist.gov/cyberframework"
                  },
                  {
                      "Name":  "Test Link",
                      "Url":  "https://www.nist.gov/cyberframework"
                  },
                  {
                      "Name":  "Test Link2",
                      "Url":  "https://www.nist.gov/cyberframework"
                  }
              ]
}
[2025-04-08 15:01:50] [INFO] Last Announcements: {
    "Text":  "This is TEST data from the MITLL Git repository for this app. Released on 2025-03-11. Check out the new features and updates.",
    "Details":  "All systems are running normally. Please review the latest updates.",
    "Links":  [
                  {
                      "Name":  "MIT Lincoln Lab",
                      "Url":  "https://www.ll.mit.edu/"
                  },
                  {
                      "Name":  "NIST Cyber Framework",
                      "Url":  "https://www.nist.gov/cyberframework"
                  },
                  {
                      "Name":  "Test Link",
                      "Url":  "https://www.nist.gov/cyberframework"
                  },
                  {
                      "Name":  "Test Link2",
                      "Url":  "https://www.nist.gov/cyberframework"
                  }
              ]
}
[2025-04-08 15:01:50] [INFO] No changes detected in Announcements or section already expanded
[2025-04-08 15:01:50] [INFO] Announcements updated: This is TEST data from the MITLL Git repository for this app. Released on 2025-03-11. Check out the new features and updates.
[2025-04-08 15:01:50] [INFO] Resolved patch file path: C:\temp\patch_fixlets.txt
[2025-04-08 15:01:50] [ERROR] File not found or inaccessible: C:\temp\patch_fixlets.txt
[2025-04-08 15:01:50] [INFO] Patching status updated in UI: Patch info file not found at C:\temp\patch_fixlets.txt.
[2025-04-08 15:01:50] [INFO] Support info updated: For assistance, contact IT Support at support@company.com or call 1-800-555-1234.
[2025-04-08 15:01:50] [INFO] Early adopter info updated: Join our Early Adopter Program to test upcoming features! Sign up now.
[2025-04-08 15:01:50] [INFO] Compliance updated: Antivirus=True, BitLocker=True, BigFix=True, Code42=True, FIPS=True
[2025-04-08 15:01:50] [INFO] Dispatcher tick completed
[2025-04-08 15:02:20] [INFO] Config object: {
    "LogRotationSizeMB":  5,
    "YubiKeyLastCheck":  {
                             "Date":  "2025-04-08 15:01:50",
                             "Result":  {
                                            "value":  "YubiKey Certificate (Slot 9a): 753 days until expiry (05/02/2027 10:45:24)",
                                            "PSComputerName":  "localhost",
                                            "RunspaceId":  "b4f4861f-2504-4735-89d0-b438ea64d887",
                                            "PSShowComputerName":  false
                                        }
                         },
    "DefaultLogLevel":  "INFO",
    "IconPaths":  {
                      "Main":  "icon.ico",
                      "Warning":  "warning.ico"
                  },
    "Version":  "1.1.0",
    "AnnouncementsLastState":  {
                                   "Text":  "This is TEST data from the MITLL Git repository for this app. Released on 2025-03-11. Check out the new features and updates.",
                                   "Details":  "All systems are running normally. Please review the latest updates.",
                                   "Links":  [
                                                 {
                                                     "Name":  "MIT Lincoln Lab",
                                                     "Url":  "https://www.ll.mit.edu/"
                                                 },
                                                 {
                                                     "Name":  "NIST Cyber Framework",
                                                     "Url":  "https://www.nist.gov/cyberframework"
                                                 },
                                                 {
                                                     "Name":  "Test Link",
                                                     "Url":  "https://www.nist.gov/cyberframework"
                                                 },
                                                 {
                                                     "Name":  "Test Link2",
                                                     "Url":  "https://www.nist.gov/cyberframework"
                                                 }
                                             ]
                               },
    "YubiKeyAlertDays":  7,
    "RefreshInterval":  30,
    "ContentDataUrl":  "https://raw.llcad-github.llan.ll.mit.edu/EndpointEngineering/SHOT/main/ContentData.json",
    "ContentFetchInterval":  60,
    "PatchInfoFilePath":  "C:\\temp\\patch_fixlets.txt"
}
[2025-04-08 15:02:20] [INFO] Raw ContentDataUrl from config: 'https://raw.llcad-github.llan.ll.mit.edu/EndpointEngineering/SHOT/main/ContentData.json'
[2025-04-08 15:02:20] [INFO] Using cached content data
[2025-04-08 15:02:20] [INFO] Custom icon loaded from C:\Users\TO26409\Desktop\SHOT-main\icon.ico.
[2025-04-08 15:02:20] [INFO] Tray icon set to icon.ico
[2025-04-08 15:02:20] [INFO] Tray icon and status updated.
[2025-04-08 15:02:20] [INFO] Logged-in User: TO26409
[2025-04-08 15:02:20] [INFO] Machine Type: Dell Inc. Latitude 7450
[2025-04-08 15:02:20] [INFO] OS Version: Microsoft Windows 11 Enterprise (Build 26100) 24H2
[2025-04-08 15:02:20] [INFO] System Uptime: 8 days 4 hours
[2025-04-08 15:02:20] [INFO] Used Disk Space: 140.8 GB of 466.84 GB
[2025-04-08 15:02:20] [INFO] IP Address(es): 172.30.157.231, 192.168.1.38
[2025-04-08 15:02:20] [INFO] Logs updated in GUI.
[2025-04-08 15:02:20] [INFO] Current Announcements: {
    "Text":  "This is TEST data from the MITLL Git repository for this app. Released on 2025-03-11. Check out the new features and updates.",
    "Details":  "All systems are running normally. Please review the latest updates.",
    "Links":  [
                  {
                      "Name":  "MIT Lincoln Lab",
                      "Url":  "https://www.ll.mit.edu/"
                  },
                  {
                      "Name":  "NIST Cyber Framework",
                      "Url":  "https://www.nist.gov/cyberframework"
                  },
                  {
                      "Name":  "Test Link",
                      "Url":  "https://www.nist.gov/cyberframework"
                  },
                  {
                      "Name":  "Test Link2",
                      "Url":  "https://www.nist.gov/cyberframework"
                  }
              ]
}
[2025-04-08 15:02:20] [INFO] Last Announcements: {
    "Text":  "This is TEST data from the MITLL Git repository for this app. Released on 2025-03-11. Check out the new features and updates.",
    "Details":  "All systems are running normally. Please review the latest updates.",
    "Links":  [
                  {
                      "Name":  "MIT Lincoln Lab",
                      "Url":  "https://www.ll.mit.edu/"
                  },
                  {
                      "Name":  "NIST Cyber Framework",
                      "Url":  "https://www.nist.gov/cyberframework"
                  },
                  {
                      "Name":  "Test Link",
                      "Url":  "https://www.nist.gov/cyberframework"
                  },
                  {
                      "Name":  "Test Link2",
                      "Url":  "https://www.nist.gov/cyberframework"
                  }
              ]
}
[2025-04-08 15:02:20] [INFO] No changes detected in Announcements or section already expanded
[2025-04-08 15:02:20] [INFO] Announcements updated: This is TEST data from the MITLL Git repository for this app. Released on 2025-03-11. Check out the new features and updates.
[2025-04-08 15:02:20] [INFO] Resolved patch file path: C:\temp\patch_fixlets.txt
[2025-04-08 15:02:20] [ERROR] File not found or inaccessible: C:\temp\patch_fixlets.txt
[2025-04-08 15:02:20] [INFO] Patching status updated in UI: Patch info file not found at C:\temp\patch_fixlets.txt.
[2025-04-08 15:02:20] [INFO] Support info updated: For assistance, contact IT Support at support@company.com or call 1-800-555-1234.
[2025-04-08 15:02:20] [INFO] Early adopter info updated: Join our Early Adopter Program to test upcoming features! Sign up now.
[2025-04-08 15:02:20] [INFO] Compliance updated: Antivirus=True, BitLocker=True, BigFix=True, Code42=True, FIPS=True
[2025-04-08 15:02:20] [INFO] Dispatcher tick completed
[2025-04-08 15:02:50] [INFO] Config object: {
    "LogRotationSizeMB":  5,
    "YubiKeyLastCheck":  {
                             "Date":  "2025-04-08 15:01:50",
                             "Result":  {
                                            "value":  "YubiKey Certificate (Slot 9a): 753 days until expiry (05/02/2027 10:45:24)",
                                            "PSComputerName":  "localhost",
                                            "RunspaceId":  "b4f4861f-2504-4735-89d0-b438ea64d887",
                                            "PSShowComputerName":  false
                                        }
                         },
    "DefaultLogLevel":  "INFO",
    "IconPaths":  {
                      "Main":  "icon.ico",
                      "Warning":  "warning.ico"
                  },
    "Version":  "1.1.0",
    "AnnouncementsLastState":  {
                                   "Text":  "This is TEST data from the MITLL Git repository for this app. Released on 2025-03-11. Check out the new features and updates.",
                                   "Details":  "All systems are running normally. Please review the latest updates.",
                                   "Links":  [
                                                 {
                                                     "Name":  "MIT Lincoln Lab",
                                                     "Url":  "https://www.ll.mit.edu/"
                                                 },
                                                 {
                                                     "Name":  "NIST Cyber Framework",
                                                     "Url":  "https://www.nist.gov/cyberframework"
                                                 },
                                                 {
                                                     "Name":  "Test Link",
                                                     "Url":  "https://www.nist.gov/cyberframework"
                                                 },
                                                 {
                                                     "Name":  "Test Link2",
                                                     "Url":  "https://www.nist.gov/cyberframework"
                                                 }
                                             ]
                               },
    "YubiKeyAlertDays":  7,
    "RefreshInterval":  30,
    "ContentDataUrl":  "https://raw.llcad-github.llan.ll.mit.edu/EndpointEngineering/SHOT/main/ContentData.json",
    "ContentFetchInterval":  60,
    "PatchInfoFilePath":  "C:\\temp\\patch_fixlets.txt"
}
[2025-04-08 15:02:50] [INFO] Raw ContentDataUrl from config: 'https://raw.llcad-github.llan.ll.mit.edu/EndpointEngineering/SHOT/main/ContentData.json'
[2025-04-08 15:02:50] [INFO] Attempting to fetch content from: https://raw.llcad-github.llan.ll.mit.edu/EndpointEngineering/SHOT/main/ContentData.json
[2025-04-08 15:02:50] [INFO] Detected HTTP/HTTPS URL, using Invoke-WebRequest
[2025-04-08 15:02:51] [INFO] Raw content: {
  "Announcements": {
    "Text": "This is TEST data from the MITLL Git repository for this app. Released on 2025-03-11. Check out the new features and updates.",
    "Details": "All systems are running normally. Please review the latest updates.",
    "Links": [
      { "Name": "MIT Lincoln Lab", "Url": "https://www.ll.mit.edu/" },
      { "Name": "NIST Cyber Framework", "Url": "https://www.nist.gov/cyberframework" },
      { "Name": "Test Link", "Url": "https://www.nist.gov/cyberframework" },
      { "Name": "Test Link2", "Url": "https://www.nist.gov/cyberframework" }
    ]
  },
  "Support": {
    "Text": "For assistance, contact IT Support at support@company.com or call 1-800-555-1234.",
    "Links": [
      { "Name": "Knowledge Base", "Url": "https://support.company.com/help" },
      { "Name": "Submit Ticket", "Url": "https://support.company.com/tickets" }
    ]
  },
  "EarlyAdopter": {
    "Text": "Join our Early Adopter Program to test upcoming features! Sign up now.",
    "Links": [
      { "Name": "Register", "Url": "https://beta.company.com/register" },
      { "Name": "More Info", "Url": "https://beta.company.com/details" }
    ]
  }
}

[2025-04-08 15:02:51] [INFO] Fetched content data from URL: https://raw.llcad-github.llan.ll.mit.edu/EndpointEngineering/SHOT/main/ContentData.json
[2025-04-08 15:02:51] [INFO] Custom icon loaded from C:\Users\TO26409\Desktop\SHOT-main\icon.ico.
[2025-04-08 15:02:51] [INFO] Tray icon set to icon.ico
[2025-04-08 15:02:51] [INFO] Tray icon and status updated.
[2025-04-08 15:02:51] [INFO] Logged-in User: TO26409
[2025-04-08 15:02:51] [INFO] Machine Type: Dell Inc. Latitude 7450
[2025-04-08 15:02:51] [INFO] OS Version: Microsoft Windows 11 Enterprise (Build 26100) 24H2
[2025-04-08 15:02:51] [INFO] System Uptime: 8 days 4 hours
[2025-04-08 15:02:52] [INFO] Used Disk Space: 140.8 GB of 466.84 GB
[2025-04-08 15:02:52] [INFO] IP Address(es): 172.30.157.231, 192.168.1.38
[2025-04-08 15:02:52] [INFO] Logs updated in GUI.
[2025-04-08 15:02:52] [INFO] Current Announcements: {
    "Text":  "This is TEST data from the MITLL Git repository for this app. Released on 2025-03-11. Check out the new features and updates.",
    "Details":  "All systems are running normally. Please review the latest updates.",
    "Links":  [
                  {
                      "Name":  "MIT Lincoln Lab",
                      "Url":  "https://www.ll.mit.edu/"
                  },
                  {
                      "Name":  "NIST Cyber Framework",
                      "Url":  "https://www.nist.gov/cyberframework"
                  },
                  {
                      "Name":  "Test Link",
                      "Url":  "https://www.nist.gov/cyberframework"
                  },
                  {
                      "Name":  "Test Link2",
                      "Url":  "https://www.nist.gov/cyberframework"
                  }
              ]
}
[2025-04-08 15:02:52] [INFO] Last Announcements: {
    "Text":  "This is TEST data from the MITLL Git repository for this app. Released on 2025-03-11. Check out the new features and updates.",
    "Details":  "All systems are running normally. Please review the latest updates.",
    "Links":  [
                  {
                      "Name":  "MIT Lincoln Lab",
                      "Url":  "https://www.ll.mit.edu/"
                  },
                  {
                      "Name":  "NIST Cyber Framework",
                      "Url":  "https://www.nist.gov/cyberframework"
                  },
                  {
                      "Name":  "Test Link",
                      "Url":  "https://www.nist.gov/cyberframework"
                  },
                  {
                      "Name":  "Test Link2",
                      "Url":  "https://www.nist.gov/cyberframework"
                  }
              ]
}
[2025-04-08 15:02:52] [INFO] No changes detected in Announcements or section already expanded
[2025-04-08 15:02:52] [INFO] Announcements updated: This is TEST data from the MITLL Git repository for this app. Released on 2025-03-11. Check out the new features and updates.
[2025-04-08 15:02:52] [INFO] Resolved patch file path: C:\temp\patch_fixlets.txt
[2025-04-08 15:02:52] [ERROR] File not found or inaccessible: C:\temp\patch_fixlets.txt
[2025-04-08 15:02:52] [INFO] Patching status updated in UI: Patch info file not found at C:\temp\patch_fixlets.txt.
[2025-04-08 15:02:52] [INFO] Support info updated: For assistance, contact IT Support at support@company.com or call 1-800-555-1234.
[2025-04-08 15:02:52] [INFO] Early adopter info updated: Join our Early Adopter Program to test upcoming features! Sign up now.
[2025-04-08 15:02:52] [INFO] Compliance updated: Antivirus=True, BitLocker=True, BigFix=True, Code42=True, FIPS=True
[2025-04-08 15:02:52] [INFO] Dispatcher tick completed
